\BOOKMARK [-1][-]{part.1}{\376\377\000I\000\040\000L\000e\000s\000\040\000f\000o\000n\000d\000a\000t\000i\000o\000n\000s\000\040\000d\000e\000\040\000l\000'\000a\000l\000g\000o\000r\000i\000t\000h\000m\000e}{}% 1
\BOOKMARK [0][-]{chapter.1}{\376\377\000A\000l\000g\000o\000r\000i\000t\000h\000m\000e\000s\000\040\000e\000t\000\040\000p\000r\000o\000g\000r\000a\000m\000m\000e\000s\000\240\000:\000\040\000n\000o\000t\000i\000o\000n\000s\000\040\000f\000o\000n\000d\000a\000m\000e\000n\000t\000a\000l\000e\000s}{part.1}% 2
\BOOKMARK [1][-]{section.1.1}{\376\377\000P\000o\000u\000r\000q\000u\000o\000i\000\040\000p\000a\000r\000l\000e\000r\000\040\000d\040\031\000a\000l\000g\000o\000r\000i\000t\000h\000m\000e\000s\000\240\000?}{chapter.1}% 3
\BOOKMARK [1][-]{section.1.2}{\376\377\000V\000o\000c\000a\000b\000u\000l\000a\000i\000r\000e\000\040\000d\000e\000\040\000b\000a\000s\000e}{chapter.1}% 4
\BOOKMARK [2][-]{subsection.1.2.1}{\376\377\000A\000l\000g\000o\000r\000i\000t\000h\000m\000e}{section.1.2}% 5
\BOOKMARK [2][-]{subsection.1.2.2}{\376\377\000P\000r\000o\000g\000r\000a\000m\000m\000e}{section.1.2}% 6
\BOOKMARK [2][-]{subsection.1.2.3}{\376\377\000S\000p\000\351\000c\000i\000f\000i\000c\000a\000t\000i\000o\000n\000\040\000e\000t\000\040\000i\000m\000p\000l\000\351\000m\000e\000n\000t\000a\000t\000i\000o\000n}{section.1.2}% 7
\BOOKMARK [1][-]{section.1.3}{\376\377\000P\000r\000e\000m\000i\000e\000r\000\040\000e\000x\000e\000m\000p\000l\000e\000\240\000:\000\040\000l\000e\000\040\000p\000l\000u\000s\000\040\000g\000r\000a\000n\000d\000\040\000c\000o\000m\000m\000u\000n\000\040\000d\000i\000v\000i\000s\000e\000u\000r}{chapter.1}% 8
\BOOKMARK [2][-]{subsection.1.3.1}{\376\377\000P\000s\000e\000u\000d\000o\040\021\000c\000o\000d\000e\000\040\000p\000a\000s\000\040\000\340\000\040\000p\000a\000s}{section.1.3}% 9
\BOOKMARK [2][-]{subsection.1.3.2}{\376\377\000I\000m\000p\000l\000\351\000m\000e\000n\000t\000a\000t\000i\000o\000n\000\040\000C\000+\000+\000\040\000m\000i\000n\000i\000m\000a\000l\000e}{section.1.3}% 10
\BOOKMARK [2][-]{subsection.1.3.3}{\376\377\000E\000t\000\040\000s\000i\000\040\000o\000n\000\040\000m\000e\000s\000u\000r\000a\000i\000t\000\040\000l\000e\000\040\000c\000o\000\373\000t\000\240\000?}{section.1.3}% 11
\BOOKMARK [1][-]{section.1.4}{\376\377\000P\000r\000e\000m\000i\000e\000r\000s\000\040\000p\000a\000s\000\040\000v\000e\000r\000s\000\040\000l\040\031\000a\000n\000a\000l\000y\000s\000e\000\040\000d\000e\000\040\000c\000o\000m\000p\000l\000e\000x\000i\000t\000\351}{chapter.1}% 12
\BOOKMARK [2][-]{subsection.1.4.1}{\376\377\000T\000e\000m\000p\000s\000\040\000\050\000n\000o\000m\000b\000r\000e\000\040\000d\040\031\000o\000p\000\351\000r\000a\000t\000i\000o\000n\000s\000\051}{section.1.4}% 13
\BOOKMARK [2][-]{subsection.1.4.2}{\376\377\000M\000\351\000m\000o\000i\000r\000e\000\040\000\050\000e\000s\000p\000a\000c\000e\000\040\000o\000c\000c\000u\000p\000\351\000\051}{section.1.4}% 14
\BOOKMARK [1][-]{section.1.5}{\376\377\000M\000i\000n\000i\040\021\000p\000r\000o\000j\000e\000t\000\040\000g\000u\000i\000d\000\351}{chapter.1}% 15
\BOOKMARK [0][-]{chapter.2}{\376\377\000O\000u\000t\000i\000l\000s\000\040\000m\000a\000t\000h\000\351\000m\000a\000t\000i\000q\000u\000e\000s\000\040\000p\000o\000u\000r\000\040\000l\040\031\000a\000n\000a\000l\000y\000s\000e}{part.1}% 16
\BOOKMARK [1][-]{section.2.1}{\376\377\000P\000o\000u\000r\000q\000u\000o\000i\000\040\000d\000e\000s\000\040\000m\000a\000t\000h\000s\000\040\000d\000a\000n\000s\000\040\000l\040\031\000i\000n\000f\000o\000r\000m\000a\000t\000i\000q\000u\000e\000\240\000?}{chapter.2}% 17
\BOOKMARK [1][-]{section.2.2}{\376\377\000S\000o\000m\000m\000e\000s\000,\000\040\000s\000u\000i\000t\000e\000s\000\040\000e\000t\000\040\000n\000o\000t\000a\000t\000i\000o\000n\000s\000\040\000d\000e\000\040\000b\000a\000s\000e}{chapter.2}% 18
\BOOKMARK [2][-]{subsection.2.2.1}{\376\377\000S\000u\000i\000t\000e\000s\000\040\000n\000u\000m\000\351\000r\000i\000q\000u\000e\000s}{section.2.2}% 19
\BOOKMARK [2][-]{subsection.2.2.2}{\376\377\000S\000o\000m\000m\000e\000s\000\040\000a\000r\000i\000t\000h\000m\000\351\000t\000i\000q\000u\000e\000s\000\040\000e\000t\000\040\000g\000\351\000o\000m\000\351\000t\000r\000i\000q\000u\000e\000s}{section.2.2}% 20
\BOOKMARK [2][-]{subsection.2.2.3}{\376\377\000L\000o\000g\000a\000r\000i\000t\000h\000m\000e\000s\000\040\040\024\000\040\000r\000a\000p\000p\000e\000l\000s\000\040\000e\000s\000s\000e\000n\000t\000i\000e\000l\000s}{section.2.2}% 21
\BOOKMARK [1][-]{section.2.3}{\376\377\000P\000r\000i\000n\000c\000i\000p\000e\000\040\000d\040\031\000i\000n\000d\000u\000c\000t\000i\000o\000n\000\040\000:\000\040\000m\000o\000d\000e\000\040\000d\040\031\000e\000m\000p\000l\000o\000i}{chapter.2}% 22
\BOOKMARK [2][-]{subsection.2.3.1}{\376\377\000I\000n\000d\000u\000c\000t\000i\000o\000n\000\040\000s\000i\000m\000p\000l\000e\000\040\000\050\000o\000u\000\040\000f\000a\000i\000b\000l\000e\000\051}{section.2.3}% 23
\BOOKMARK [2][-]{subsection.2.3.2}{\376\377\000I\000n\000d\000u\000c\000t\000i\000o\000n\000\040\000f\000o\000r\000t\000e}{section.2.3}% 24
\BOOKMARK [1][-]{section.2.4}{\376\377\000R\000e\000l\000a\000t\000i\000o\000n\000s\000\040\000d\000e\000\040\000r\000\351\000c\000u\000r\000r\000e\000n\000c\000e}{chapter.2}% 25
\BOOKMARK [2][-]{subsection.2.4.1}{\376\377\000M\000\351\000t\000h\000o\000d\000e\000s\000\040\000c\000l\000a\000s\000s\000i\000q\000u\000e\000s\000\040\000d\000e\000\040\000r\000\351\000s\000o\000l\000u\000t\000i\000o\000n}{section.2.4}% 26
\BOOKMARK [2][-]{subsection.2.4.2}{\376\377\000E\000x\000e\000m\000p\000l\000e\000\040\040\024\000\040\000C\000o\000\373\000t\000\040\000d\000e\000\040\000l\000a\000\040\000r\000e\000c\000h\000e\000r\000c\000h\000e\000\040\000d\000i\000c\000h\000o\000t\000o\000m\000i\000q\000u\000e}{section.2.4}% 27
\BOOKMARK [1][-]{section.2.5}{\376\377\000N\000o\000t\000a\000t\000i\000o\000n\000\040\000a\000s\000y\000m\000p\000t\000o\000t\000i\000q\000u\000e}{chapter.2}% 28
\BOOKMARK [2][-]{subsection.2.5.1}{\376\377\000O\000,\000\040\000,\000\040\000\040\040\024\000\040\000d\000\351\000f\000i\000n\000i\000t\000i\000o\000n\000s\000\040\000f\000o\000r\000m\000e\000l\000l\000e\000s}{section.2.5}% 29
\BOOKMARK [1][-]{section.2.6}{\376\377\000P\000r\000o\000b\000a\000b\000i\000l\000i\000t\000\351\000s\000\040\000\351\000l\000\351\000m\000e\000n\000t\000a\000i\000r\000e\000s\000\040\000p\000o\000u\000r\000\040\000l\040\031\000a\000n\000a\000l\000y\000s\000e\000\040\000d\040\031\000a\000l\000g\000o\000r\000i\000t\000h\000m\000e\000s}{chapter.2}% 30
\BOOKMARK [2][-]{subsection.2.6.1}{\376\377\000P\000o\000u\000r\000q\000u\000o\000i\000\040\000l\000a\000\040\000p\000r\000o\000b\000a\000b\000i\000l\000i\000t\000\351\000\040\000e\000n\000\040\000a\000l\000g\000o\000r\000i\000t\000h\000m\000i\000q\000u\000e\000\040\000?}{section.2.6}% 31
\BOOKMARK [2][-]{subsection.2.6.2}{\376\377\000V\000o\000c\000a\000b\000u\000l\000a\000i\000r\000e\000\040\000e\000t\000\040\000a\000x\000i\000o\000m\000e\000s\000\040\000d\000e\000\040\000b\000a\000s\000e}{section.2.6}% 32
\BOOKMARK [2][-]{subsection.2.6.3}{\376\377\000E\000s\000p\000\351\000r\000a\000n\000c\000e\000\040\000e\000t\000\040\000v\000a\000r\000i\000a\000b\000l\000e\000s\000\040\000i\000n\000d\000i\000c\000a\000t\000r\000i\000c\000e\000s}{section.2.6}% 33
\BOOKMARK [2][-]{subsection.2.6.4}{\376\377\000P\000e\000t\000i\000t\000\040\000e\000x\000e\000m\000p\000l\000e\000\040\000c\000l\000a\000s\000s\000i\000q\000u\000e}{section.2.6}% 34
\BOOKMARK [2][-]{subsection.2.6.5}{\376\377\000A\000p\000p\000l\000i\000c\000a\000t\000i\000o\000n\000\040\000:\000\040\000c\000o\000\373\000t\000\040\000m\000o\000y\000e\000n\000\040\000d\040\031\000u\000n\000e\000\040\000b\000o\000u\000c\000l\000e\000\040\000a\000l\000\351\000a\000t\000o\000i\000r\000e}{section.2.6}% 35
\BOOKMARK [1][-]{section.2.7}{\376\377\000E\000x\000e\000r\000c\000i\000c\000e\000s}{chapter.2}% 36
\BOOKMARK [0][-]{chapter.3}{\376\377\000S\000t\000r\000u\000c\000t\000u\000r\000e\000s\000\040\000l\000i\000n\000\351\000a\000i\000r\000e\000s\000\040\000f\000o\000n\000d\000a\000m\000e\000n\000t\000a\000l\000e\000s}{part.1}% 37
\BOOKMARK [1][-]{section.3.1}{\376\377\000T\000a\000b\000l\000e\000a\000u\000\040\000s\000t\000a\000t\000i\000q\000u\000e\000\040\000\050\000a\000r\000r\000a\000y\000\051}{chapter.3}% 38
\BOOKMARK [2][-]{subsection.3.1.1}{\376\377\000D\000\351\000f\000i\000n\000i\000t\000i\000o\000n\000\040\000e\000t\000\040\000p\000r\000o\000p\000r\000i\000\351\000t\000\351\000s}{section.3.1}% 39
\BOOKMARK [1][-]{section.3.2}{\376\377\000T\000a\000b\000l\000e\000a\000u\000\040\000d\000y\000n\000a\000m\000i\000q\000u\000e\000\040\000\050\000v\000e\000c\000t\000o\000r\000\051}{chapter.3}% 40
\BOOKMARK [2][-]{subsection.3.2.1}{\376\377\000A\000m\000o\000r\000t\000i\000s\000e\000d\000\040\000A\000n\000a\000l\000y\000s\000i\000s}{section.3.2}% 41
\BOOKMARK [1][-]{section.3.3}{\376\377\000L\000i\000s\000t\000e\000\040\000c\000h\000a\000\356\000n\000\351\000e}{chapter.3}% 42
\BOOKMARK [2][-]{subsection.3.3.1}{\376\377\000D\000\351\000f\000i\000n\000i\000t\000i\000o\000n}{section.3.3}% 43
\BOOKMARK [1][-]{section.3.4}{\376\377\000P\000i\000l\000e\000\040\000\050\000s\000t\000a\000c\000k\000\051}{chapter.3}% 44
\BOOKMARK [2][-]{subsection.3.4.1}{\376\377\000P\000r\000i\000n\000c\000i\000p\000e\000\040\000L\000I\000F\000O\000\040\000\050\000L\000a\000s\000t\040\023\000I\000n\000,\000\040\000F\000i\000r\000s\000t\040\023\000O\000u\000t\000\051}{section.3.4}% 45
\BOOKMARK [1][-]{section.3.5}{\376\377\000F\000i\000l\000e\000\040\000\050\000q\000u\000e\000u\000e\000\051}{chapter.3}% 46
\BOOKMARK [2][-]{subsection.3.5.1}{\376\377\000P\000r\000i\000n\000c\000i\000p\000e\000\040\000F\000I\000F\000O}{section.3.5}% 47
\BOOKMARK [1][-]{section.3.6}{\376\377\000C\000o\000m\000p\000a\000r\000a\000t\000i\000f\000\040\000r\000a\000p\000i\000d\000e}{chapter.3}% 48
